make[1]: Entering directory '/home/radib/19/lol/libft'
cc -Wall -Wextra -Werror -g -c ft_atoi.c -o ft_atoi.o
cc -Wall -Wextra -Werror -g -c ft_atol.c -o ft_atol.o
cc -Wall -Wextra -Werror -g -c ft_bzero.c -o ft_bzero.o
cc -Wall -Wextra -Werror -g -c ft_calloc.c -o ft_calloc.o
cc -Wall -Wextra -Werror -g -c ft_isalnum.c -o ft_isalnum.o
cc -Wall -Wextra -Werror -g -c ft_isalpha.c -o ft_isalpha.o
cc -Wall -Wextra -Werror -g -c ft_isascii.c -o ft_isascii.o
cc -Wall -Wextra -Werror -g -c ft_isdigit.c -o ft_isdigit.o
cc -Wall -Wextra -Werror -g -c ft_isprint.c -o ft_isprint.o
cc -Wall -Wextra -Werror -g -c ft_itoa.c -o ft_itoa.o
cc -Wall -Wextra -Werror -g -c ft_lstadd_back_bonus.c -o ft_lstadd_back_bonus.o
cc -Wall -Wextra -Werror -g -c ft_lstadd_front_bonus.c -o ft_lstadd_front_bonus.o
cc -Wall -Wextra -Werror -g -c ft_lstclear_bonus.c -o ft_lstclear_bonus.o
cc -Wall -Wextra -Werror -g -c ft_lstdelone_bonus.c -o ft_lstdelone_bonus.o
cc -Wall -Wextra -Werror -g -c ft_lstiter_bonus.c -o ft_lstiter_bonus.o
cc -Wall -Wextra -Werror -g -c ft_lstlast_bonus.c -o ft_lstlast_bonus.o
cc -Wall -Wextra -Werror -g -c ft_lstmap_bonus.c -o ft_lstmap_bonus.o
cc -Wall -Wextra -Werror -g -c ft_lstnew_bonus.c -o ft_lstnew_bonus.o
cc -Wall -Wextra -Werror -g -c ft_lstsize_bonus.c -o ft_lstsize_bonus.o
cc -Wall -Wextra -Werror -g -c ft_memchr.c -o ft_memchr.o
cc -Wall -Wextra -Werror -g -c ft_memcmp.c -o ft_memcmp.o
cc -Wall -Wextra -Werror -g -c ft_memcpy.c -o ft_memcpy.o
cc -Wall -Wextra -Werror -g -c ft_memmove.c -o ft_memmove.o
cc -Wall -Wextra -Werror -g -c ft_memset.c -o ft_memset.o
cc -Wall -Wextra -Werror -g -c ft_putchar_fd.c -o ft_putchar_fd.o
cc -Wall -Wextra -Werror -g -c ft_putendl_fd.c -o ft_putendl_fd.o
cc -Wall -Wextra -Werror -g -c ft_putnbr_fd.c -o ft_putnbr_fd.o
cc -Wall -Wextra -Werror -g -c ft_putstr_fd.c -o ft_putstr_fd.o
cc -Wall -Wextra -Werror -g -c ft_split.c -o ft_split.o
cc -Wall -Wextra -Werror -g -c ft_strchr.c -o ft_strchr.o
cc -Wall -Wextra -Werror -g -c ft_strcmp.c -o ft_strcmp.o
cc -Wall -Wextra -Werror -g -c ft_strdup.c -o ft_strdup.o
cc -Wall -Wextra -Werror -g -c ft_striteri.c -o ft_striteri.o
cc -Wall -Wextra -Werror -g -c ft_strjoin.c -o ft_strjoin.o
cc -Wall -Wextra -Werror -g -c ft_strlcat.c -o ft_strlcat.o
cc -Wall -Wextra -Werror -g -c ft_strlcpy.c -o ft_strlcpy.o
cc -Wall -Wextra -Werror -g -c ft_strlen.c -o ft_strlen.o
cc -Wall -Wextra -Werror -g -c ft_strmapi.c -o ft_strmapi.o
cc -Wall -Wextra -Werror -g -c ft_strncmp.c -o ft_strncmp.o
cc -Wall -Wextra -Werror -g -c ft_strnstr.c -o ft_strnstr.o
cc -Wall -Wextra -Werror -g -c ft_strrchr.c -o ft_strrchr.o
cc -Wall -Wextra -Werror -g -c ft_strtrim.c -o ft_strtrim.o
cc -Wall -Wextra -Werror -g -c ft_substr.c -o ft_substr.o
cc -Wall -Wextra -Werror -g -c ft_tolower.c -o ft_tolower.o
cc -Wall -Wextra -Werror -g -c ft_toupper.c -o ft_toupper.o
cc -Wall -Wextra -Werror -g -c ft_printf/src/ft_dispatch.c -o ft_printf/src/ft_dispatch.o
cc -Wall -Wextra -Werror -g -c ft_printf/src/ft_printf.c -o ft_printf/src/ft_printf.o
cc -Wall -Wextra -Werror -g -c ft_printf/src/ft_putchar.c -o ft_printf/src/ft_putchar.o
cc -Wall -Wextra -Werror -g -c ft_printf/src/ft_putstr.c -o ft_printf/src/ft_putstr.o
cc -Wall -Wextra -Werror -g -c ft_printf/src/ft_putnbr.c -o ft_printf/src/ft_putnbr.o
cc -Wall -Wextra -Werror -g -c ft_printf/src/ft_putnbr_unsigned.c -o ft_printf/src/ft_putnbr_unsigned.o
cc -Wall -Wextra -Werror -g -c ft_printf/src/ft_puthex.c -o ft_printf/src/ft_puthex.o
cc -Wall -Wextra -Werror -g -c ft_printf/src/ft_putptr.c -o ft_printf/src/ft_putptr.o
cc -Wall -Wextra -Werror -g -c get_next_line/get_next_line.c -o get_next_line/get_next_line.o
cc -Wall -Wextra -Werror -g -c get_next_line/get_next_line_utils.c -o get_next_line/get_next_line_utils.o
ar rcs libft.a ft_atoi.o ft_atol.o ft_bzero.o ft_calloc.o ft_isalnum.o ft_isalpha.o ft_isascii.o ft_isdigit.o ft_isprint.o ft_itoa.o ft_lstadd_back_bonus.o ft_lstadd_front_bonus.o ft_lstclear_bonus.o ft_lstdelone_bonus.o ft_lstiter_bonus.o ft_lstlast_bonus.o ft_lstmap_bonus.o ft_lstnew_bonus.o ft_lstsize_bonus.o ft_memchr.o ft_memcmp.o ft_memcpy.o ft_memmove.o ft_memset.o ft_putchar_fd.o ft_putendl_fd.o ft_putnbr_fd.o ft_putstr_fd.o ft_split.o ft_strchr.o ft_strcmp.o ft_strdup.o ft_striteri.o ft_strjoin.o ft_strlcat.o ft_strlcpy.o ft_strlen.o ft_strmapi.o ft_strncmp.o ft_strnstr.o ft_strrchr.o ft_strtrim.o ft_substr.o ft_tolower.o ft_toupper.o ft_printf/src/ft_dispatch.o ft_printf/src/ft_printf.o ft_printf/src/ft_putchar.o ft_printf/src/ft_putstr.o ft_printf/src/ft_putnbr.o ft_printf/src/ft_putnbr_unsigned.o ft_printf/src/ft_puthex.o ft_printf/src/ft_putptr.o get_next_line/get_next_line.o get_next_line/get_next_line_utils.o
make[1]: Leaving directory '/home/radib/19/lol/libft'
